<?xml version="1.0" encoding="UTF-8"?>
<!-- Generated by org.testng.reporters.JUnitReportReporter -->
<testsuite skipped="0" hostname="DESKTOP-4J1LCJ7" name="com.w2a.testcases.LoginTest" tests="1" failures="0" timestamp="03 May 2019 16:04:55 GMT" time="1.028" errors="0">
  <testcase name="loginTest" time="1.028" classname="com.w2a.testcases.LoginTest"/>
</testsuite> <!-- com.w2a.testcases.LoginTest -->
